<testsuites duration="0.001">
<testsuite name="integration" tests="0" failures="0" time="0.001" id="0">
</testsuite>
</testsuites>

